DHT22 start
ds18b20 start
base_dir: /sys/bus/w1/devices/
does base_dir exist?  True
device_folder: /sys/bus/w1/devices/28-0000068a9c8a
does device_folder exist?  True
therm found:  /sys/bus/w1/devices/28-0000068a9c8a
ds18b20 temperature:
(24.0, 75.2)
ds18b20 finish
start
Start while looping
 water temp: 75.2
Temperature: 77.18
   Humidity: 58.50
         ph: 6.31
 water temp: 75.2
Temperature: 77.18
   Humidity: 58.50
         ph: 6.31
 water temp: 75.2
Temperature: 77.18
   Humidity: 58.00
         ph: 6.29
 water temp: 75.2
Temperature: 77.36
   Humidity: 58.00
         ph: 6.27
 water temp: 75.2
Temperature: 77.18
   Humidity: 58.00
         ph: 6.32
 water temp: 75.2
Temperature: 77.18
   Humidity: 58.00
         ph: 6.31
 water temp: 75.2
Temperature: 77.36
   Humidity: 58.00
         ph: 6.31
 water temp: 75.2
Temperature: 77.18
   Humidity: 58.00
         ph: 6.32
 water temp: 75.2
Temperature: 77.18
   Humidity: 58.00
         ph: 6.33
 water temp: 75.2
Temperature: 77.36
   Humidity: 58.00
         ph: 6.34
 water temp: 75.2
Temperature: 77.18
   Humidity: 58.00
         ph: 6.33
 water temp: 75.2
Temperature: 77.18
   Humidity: 58.00
         ph: 6.3
 water temp: 75.2
Temperature: 77.18
   Humidity: 58.00
         ph: 6.3
 water temp: 75.2
Temperature: 77.18
   Humidity: 58.00
         ph: 6.31
 water temp: 75.2
Temperature: 77.18
   Humidity: 58.00
         ph: 6.31
 water temp: 75.2
Temperature: 77.18
   Humidity: 58.00
         ph: 6.33
 water temp: 75.2
Temperature: 77.18
   Humidity: 58.00
         ph: 6.31
 water temp: 75.2
Temperature: 77.18
   Humidity: 58.00
         ph: 6.31
 water temp: 75.2
Temperature: 77.18
   Humidity: 58.50
         ph: 6.29
 water temp: 75.2
Temperature: 77.18
   Humidity: 58.50
         ph: 6.27
 water temp: 75.2
Temperature: 77.18
   Humidity: 58.00
         ph: 6.3
 water temp: 75.2
Temperature: 77.18
   Humidity: 58.00
         ph: 6.3
 water temp: 75.2
Temperature: 77.36
   Humidity: 58.00
         ph: 6.34
 water temp: 75.2
Temperature: 77.18
   Humidity: 58.40
         ph: 6.3
 water temp: 75.2
Temperature: 77.18
   Humidity: 57.90
         ph: 6.31
 water temp: 75.2
Temperature: 77.18
   Humidity: 57.90
         ph: 6.37
 water temp: 75.2
Temperature: 77.18
   Humidity: 57.90
         ph: 6.32
 water temp: 75.2
Temperature: 77.18
   Humidity: 58.40
         ph: 6.28
 water temp: 75.2
Temperature: 77.18
   Humidity: 57.90
         ph: 6.32
 water temp: 75.2
Temperature: 77.18
   Humidity: 58.40
         ph: 6.31
 water temp: 75.2
Temperature: 77.18
   Humidity: 58.40
         ph: 6.31
 water temp: 75.2
Temperature: 77.18
   Humidity: 58.50
         ph: 6.32
 water temp: 75.2
Temperature: 77.18
   Humidity: 57.90
         ph: 6.32
 water temp: 75.2
Temperature: 77.18
   Humidity: 58.00
         ph: 6.33
 water temp: 75.09
Temperature: 77.18
   Humidity: 58.00
         ph: 6.31
 water temp: 75.2
Temperature: 77.18
   Humidity: 57.90
         ph: 6.33
 water temp: 75.2
Temperature: 77.18
   Humidity: 57.90
         ph: 6.33
 water temp: 75.2
Temperature: 77.18
   Humidity: 58.00
         ph: 6.34
 water temp: 75.2
Temperature: 77.18
   Humidity: 58.00
         ph: 6.3
 water temp: 75.2
Temperature: 77.18
   Humidity: 58.40
         ph: 6.36
 water temp: 75.2
Temperature: 77.18
   Humidity: 58.40
         ph: 6.31
 water temp: 75.2
Temperature: 77.18
   Humidity: 58.40
         ph: 6.31
 water temp: 75.2
Temperature: 77.18
   Humidity: 57.90
         ph: 6.32
 water temp: 75.2
Temperature: 77.18
   Humidity: 58.00
         ph: 6.33
 water temp: 75.2
Temperature: 77.18
   Humidity: 58.00
         ph: 6.31
 water temp: 75.2
Temperature: 77.18
   Humidity: 58.00
         ph: 6.32
 water temp: 75.2
Temperature: 77.18
   Humidity: 58.00
         ph: 6.32
 water temp: 75.2
Temperature: 77.18
   Humidity: 58.50
         ph: 6.32
 water temp: 75.2
Temperature: 77.18
   Humidity: 58.00
         ph: 6.31
 water temp: 75.2
Temperature: 77.18
   Humidity: 58.00
         ph: 6.31
 water temp: 75.2
Temperature: 77.18
   Humidity: 58.00
         ph: 6.3
 water temp: 75.2
Temperature: 77.36